<?xml version="1.0" encoding="UTF-8"?>
<!-- Generated by org.testng.reporters.JUnitXMLReporter -->
<testsuite ignored="0" hostname="pro-Vignesh" failures="0" tests="7" name="Default test" time="68.938" errors="0" timestamp="2022-08-05T14:30:54 IST">
  <testcase classname="samples.ReportsSmartTest" name="FristClass" time="3.071"/>
  <testcase classname="samples.ReportsSmartTest" name="WrongPass" time="2.124"/>
  <testcase classname="samples.ReportsSmartTest" name="WrongUserName" time="3.094"/>
  <testcase classname="samples.ReportsSmartTest" name="emptyUserName" time="14.887"/>
  <testcase classname="samples.ReportsSmartTest" name="emptyPass" time="15.451"/>
  <testcase classname="samples.ReportsSmartTest" name="bothEmptyField" time="16.089"/>
  <testcase classname="samples.ReportsSmartTest" name="forgetPassWord" time="13.98"/>
</testsuite> <!-- Default test -->
