<?xml version="1.0" encoding="UTF-8"?>
<!-- Generated by org.testng.reporters.JUnitXMLReporter -->
<testsuite ignored="0" hostname="pro-Vignesh" failures="0" tests="7" name="Default test" time="23.624" errors="0" timestamp="2022-07-30T12:37:53 IST">
  <testcase classname="samples.ReportsSmartTest" name="FristClass" time="7.203"/>
  <testcase classname="samples.ReportsSmartTest" name="WrongPass" time="2.731"/>
  <testcase classname="samples.ReportsSmartTest" name="WrongUserName" time="2.716"/>
  <testcase classname="samples.ReportsSmartTest" name="emptyUserName" time="2.857"/>
  <testcase classname="samples.ReportsSmartTest" name="emptyPass" time="2.366"/>
  <testcase classname="samples.ReportsSmartTest" name="bothEmptyField" time="2.988"/>
  <testcase classname="samples.ReportsSmartTest" name="forgetPassWord" time="2.317"/>
</testsuite> <!-- Default test -->
