<?xml version="1.0" encoding="UTF-8"?>
<!-- Generated by org.testng.reporters.JUnitXMLReporter -->
<testsuite ignored="0" hostname="pro-Vignesh" failures="0" tests="1" name="nameing" time="2.873" errors="0" timestamp="2022-07-20T17:09:00 IST">
  <testcase classname="samples.ReportsSmartTest" name="@BeforeMethod beforemethod" time="0.001">
    <failure type="java.lang.NullPointerException" message="Cannot invoke &amp;quot;org.openqa.selenium.WebDriver.findElement(org.openqa.selenium.By)&amp;quot; because &amp;quot;samples.ReportsSmartTest.driver&amp;quot; is null">
      <![CDATA[java.lang.NullPointerException: Cannot invoke "org.openqa.selenium.WebDriver.findElement(org.openqa.selenium.By)" because "samples.ReportsSmartTest.driver" is null
at samples.ReportsSmartTest.beforemethod(ReportsSmartTest.java:64)
at java.base/java.util.ArrayList.forEach(ArrayList.java:1511)
... Removed 29 stack frames]]>
    </failure>
  </testcase> <!-- @BeforeMethod beforemethod -->
  <testcase classname="samples.ReportsSmartTest" name="@AfterMethod afterMethod" time="0.0">
    <skipped/>
  </testcase> <!-- @AfterMethod afterMethod -->
  <testcase classname="samples.ReportsSmartTest" name="@AfterTest afterTest" time="0.0">
    <skipped/>
  </testcase> <!-- @AfterTest afterTest -->
  <testcase classname="samples.ReportsSmartTest" name="mainClass" time="0.0">
    <skipped/>
  </testcase> <!-- mainClass -->
</testsuite> <!-- nameing -->
