<?xml version="1.0" encoding="UTF-8"?>
<!-- Generated by org.testng.reporters.JUnitXMLReporter -->
<testsuite ignored="0" hostname="pro-Vignesh" failures="0" tests="7" name="VAlue" time="19.927" errors="0" timestamp="2022-07-28T12:05:27 IST">
  <testcase classname="samples.ReportsSmartTest" name="FristClass" time="3.094"/>
  <testcase classname="samples.ReportsSmartTest" name="WrongPass" time="2.588"/>
  <testcase classname="samples.ReportsSmartTest" name="WrongUserName" time="2.745"/>
  <testcase classname="samples.ReportsSmartTest" name="emptyUserName" time="2.674"/>
  <testcase classname="samples.ReportsSmartTest" name="emptyPass" time="2.674"/>
  <testcase classname="samples.ReportsSmartTest" name="bothEmptyField" time="2.811"/>
  <testcase classname="samples.ReportsSmartTest" name="forgetPassWord" time="3.08"/>
</testsuite> <!-- VAlue -->
