<?xml version="1.0" encoding="UTF-8"?>
<testng-results ignored="0" total="7" passed="7" failed="0" skipped="0">
  <reporter-output>
  </reporter-output>
  <suite started-at="2022-07-30T11:31:22 IST" name="NAme" finished-at="2022-07-30T11:31:40 IST" duration-ms="18332">
    <groups>
    </groups>
    <test started-at="2022-07-30T11:31:22 IST" name="VAlue" finished-at="2022-07-30T11:31:40 IST" duration-ms="18332">
      <class name="samples.ReportsSmartTest">
        <test-method is-config="true" signature="beforeTest()[pri:0, instance:samples.ReportsSmartTest@5656be13]" started-at="2022-07-30T11:31:22 IST" name="beforeTest" finished-at="2022-07-30T11:31:22 IST" duration-ms="8" status="PASS">
          <reporter-output>
          </reporter-output>
        </test-method> <!-- beforeTest -->
        <test-method is-config="true" signature="beforemethod()[pri:0, instance:samples.ReportsSmartTest@5656be13]" started-at="2022-07-30T11:31:22 IST" name="beforemethod" finished-at="2022-07-30T11:31:22 IST" duration-ms="1" status="PASS">
          <reporter-output>
          </reporter-output>
        </test-method> <!-- beforemethod -->
        <test-method signature="FristClass()[pri:1, instance:samples.ReportsSmartTest@5656be13]" started-at="2022-07-30T11:31:22 IST" name="FristClass" finished-at="2022-07-30T11:31:26 IST" duration-ms="3777" status="PASS">
          <reporter-output>
          </reporter-output>
        </test-method> <!-- FristClass -->
        <test-method is-config="true" signature="afterMethod()[pri:0, instance:samples.ReportsSmartTest@5656be13]" started-at="2022-07-30T11:31:26 IST" name="afterMethod" finished-at="2022-07-30T11:31:26 IST" duration-ms="3" status="PASS">
          <reporter-output>
          </reporter-output>
        </test-method> <!-- afterMethod -->
        <test-method is-config="true" signature="beforemethod()[pri:0, instance:samples.ReportsSmartTest@5656be13]" started-at="2022-07-30T11:31:26 IST" name="beforemethod" finished-at="2022-07-30T11:31:26 IST" duration-ms="0" status="PASS">
          <reporter-output>
          </reporter-output>
        </test-method> <!-- beforemethod -->
        <test-method signature="WrongPass()[pri:2, instance:samples.ReportsSmartTest@5656be13]" started-at="2022-07-30T11:31:26 IST" name="WrongPass" finished-at="2022-07-30T11:31:29 IST" duration-ms="3118" status="PASS">
          <reporter-output>
          </reporter-output>
        </test-method> <!-- WrongPass -->
        <test-method is-config="true" signature="afterMethod()[pri:0, instance:samples.ReportsSmartTest@5656be13]" started-at="2022-07-30T11:31:29 IST" name="afterMethod" finished-at="2022-07-30T11:31:29 IST" duration-ms="0" status="PASS">
          <reporter-output>
          </reporter-output>
        </test-method> <!-- afterMethod -->
        <test-method is-config="true" signature="beforemethod()[pri:0, instance:samples.ReportsSmartTest@5656be13]" started-at="2022-07-30T11:31:29 IST" name="beforemethod" finished-at="2022-07-30T11:31:29 IST" duration-ms="1" status="PASS">
          <reporter-output>
          </reporter-output>
        </test-method> <!-- beforemethod -->
        <test-method signature="WrongUserName()[pri:3, instance:samples.ReportsSmartTest@5656be13]" started-at="2022-07-30T11:31:29 IST" name="WrongUserName" finished-at="2022-07-30T11:31:31 IST" duration-ms="2395" status="PASS">
          <reporter-output>
          </reporter-output>
        </test-method> <!-- WrongUserName -->
        <test-method is-config="true" signature="afterMethod()[pri:0, instance:samples.ReportsSmartTest@5656be13]" started-at="2022-07-30T11:31:31 IST" name="afterMethod" finished-at="2022-07-30T11:31:31 IST" duration-ms="0" status="PASS">
          <reporter-output>
          </reporter-output>
        </test-method> <!-- afterMethod -->
        <test-method is-config="true" signature="beforemethod()[pri:0, instance:samples.ReportsSmartTest@5656be13]" started-at="2022-07-30T11:31:31 IST" name="beforemethod" finished-at="2022-07-30T11:31:31 IST" duration-ms="1" status="PASS">
          <reporter-output>
          </reporter-output>
        </test-method> <!-- beforemethod -->
        <test-method signature="emptyUserName()[pri:4, instance:samples.ReportsSmartTest@5656be13]" started-at="2022-07-30T11:31:31 IST" name="emptyUserName" finished-at="2022-07-30T11:31:34 IST" duration-ms="2414" status="PASS">
          <reporter-output>
          </reporter-output>
        </test-method> <!-- emptyUserName -->
        <test-method is-config="true" signature="afterMethod()[pri:0, instance:samples.ReportsSmartTest@5656be13]" started-at="2022-07-30T11:31:34 IST" name="afterMethod" finished-at="2022-07-30T11:31:34 IST" duration-ms="0" status="PASS">
          <reporter-output>
          </reporter-output>
        </test-method> <!-- afterMethod -->
        <test-method signature="emptyPass()[pri:5, instance:samples.ReportsSmartTest@5656be13]" started-at="2022-07-30T11:31:34 IST" name="emptyPass" finished-at="2022-07-30T11:31:36 IST" duration-ms="2226" status="PASS">
          <reporter-output>
          </reporter-output>
        </test-method> <!-- emptyPass -->
        <test-method is-config="true" signature="beforemethod()[pri:0, instance:samples.ReportsSmartTest@5656be13]" started-at="2022-07-30T11:31:34 IST" name="beforemethod" finished-at="2022-07-30T11:31:34 IST" duration-ms="0" status="PASS">
          <reporter-output>
          </reporter-output>
        </test-method> <!-- beforemethod -->
        <test-method is-config="true" signature="afterMethod()[pri:0, instance:samples.ReportsSmartTest@5656be13]" started-at="2022-07-30T11:31:36 IST" name="afterMethod" finished-at="2022-07-30T11:31:36 IST" duration-ms="1" status="PASS">
          <reporter-output>
          </reporter-output>
        </test-method> <!-- afterMethod -->
        <test-method is-config="true" signature="beforemethod()[pri:0, instance:samples.ReportsSmartTest@5656be13]" started-at="2022-07-30T11:31:36 IST" name="beforemethod" finished-at="2022-07-30T11:31:36 IST" duration-ms="6" status="PASS">
          <reporter-output>
          </reporter-output>
        </test-method> <!-- beforemethod -->
        <test-method signature="bothEmptyField()[pri:6, instance:samples.ReportsSmartTest@5656be13]" started-at="2022-07-30T11:31:36 IST" name="bothEmptyField" finished-at="2022-07-30T11:31:38 IST" duration-ms="2247" status="PASS">
          <reporter-output>
          </reporter-output>
        </test-method> <!-- bothEmptyField -->
        <test-method is-config="true" signature="afterMethod()[pri:0, instance:samples.ReportsSmartTest@5656be13]" started-at="2022-07-30T11:31:38 IST" name="afterMethod" finished-at="2022-07-30T11:31:38 IST" duration-ms="1" status="PASS">
          <reporter-output>
          </reporter-output>
        </test-method> <!-- afterMethod -->
        <test-method is-config="true" signature="beforemethod()[pri:0, instance:samples.ReportsSmartTest@5656be13]" started-at="2022-07-30T11:31:38 IST" name="beforemethod" finished-at="2022-07-30T11:31:38 IST" duration-ms="1" status="PASS">
          <reporter-output>
          </reporter-output>
        </test-method> <!-- beforemethod -->
        <test-method signature="forgetPassWord()[pri:7, instance:samples.ReportsSmartTest@5656be13]" started-at="2022-07-30T11:31:38 IST" name="forgetPassWord" finished-at="2022-07-30T11:31:40 IST" duration-ms="1812" status="PASS">
          <reporter-output>
          </reporter-output>
        </test-method> <!-- forgetPassWord -->
        <test-method is-config="true" signature="afterMethod()[pri:0, instance:samples.ReportsSmartTest@5656be13]" started-at="2022-07-30T11:31:40 IST" name="afterMethod" finished-at="2022-07-30T11:31:40 IST" duration-ms="2" status="PASS">
          <reporter-output>
          </reporter-output>
        </test-method> <!-- afterMethod -->
        <test-method is-config="true" signature="afterTest()[pri:0, instance:samples.ReportsSmartTest@5656be13]" started-at="2022-07-30T11:31:40 IST" name="afterTest" finished-at="2022-07-30T11:31:40 IST" duration-ms="266" status="PASS">
          <reporter-output>
          </reporter-output>
        </test-method> <!-- afterTest -->
      </class> <!-- samples.ReportsSmartTest -->
    </test> <!-- VAlue -->
  </suite> <!-- NAme -->
</testng-results>
