<?xml version="1.0" encoding="UTF-8"?>
<!-- Generated by org.testng.reporters.JUnitXMLReporter -->
<testsuite ignored="0" hostname="pro-Vignesh" failures="0" tests="7" name="VAlue" time="18.332" errors="0" timestamp="2022-07-30T11:31:40 IST">
  <testcase classname="samples.ReportsSmartTest" name="FristClass" time="3.777"/>
  <testcase classname="samples.ReportsSmartTest" name="WrongPass" time="3.118"/>
  <testcase classname="samples.ReportsSmartTest" name="WrongUserName" time="2.395"/>
  <testcase classname="samples.ReportsSmartTest" name="emptyUserName" time="2.414"/>
  <testcase classname="samples.ReportsSmartTest" name="emptyPass" time="2.226"/>
  <testcase classname="samples.ReportsSmartTest" name="bothEmptyField" time="2.247"/>
  <testcase classname="samples.ReportsSmartTest" name="forgetPassWord" time="1.812"/>
</testsuite> <!-- VAlue -->
