<?xml version="1.0" encoding="UTF-8"?>
<testng-results ignored="0" total="7" passed="7" failed="0" skipped="0">
  <reporter-output>
  </reporter-output>
  <suite started-at="2022-08-05T14:29:45 IST" name="Default suite" finished-at="2022-08-05T14:30:54 IST" duration-ms="68938">
    <groups>
    </groups>
    <test started-at="2022-08-05T14:29:45 IST" name="Default test" finished-at="2022-08-05T14:30:54 IST" duration-ms="68938">
      <class name="samples.ReportsSmartTest">
        <test-method is-config="true" signature="beforeTest()[pri:0, instance:samples.ReportsSmartTest@561b6512]" started-at="2022-08-05T14:29:45 IST" name="beforeTest" finished-at="2022-08-05T14:29:45 IST" duration-ms="7" status="PASS">
          <reporter-output>
          </reporter-output>
        </test-method> <!-- beforeTest -->
        <test-method is-config="true" signature="beforemethod()[pri:0, instance:samples.ReportsSmartTest@561b6512]" started-at="2022-08-05T14:29:45 IST" name="beforemethod" finished-at="2022-08-05T14:29:45 IST" duration-ms="1" status="PASS">
          <reporter-output>
          </reporter-output>
        </test-method> <!-- beforemethod -->
        <test-method signature="FristClass()[pri:1, instance:samples.ReportsSmartTest@561b6512]" started-at="2022-08-05T14:29:45 IST" name="FristClass" finished-at="2022-08-05T14:29:49 IST" duration-ms="3071" status="PASS">
          <reporter-output>
          </reporter-output>
        </test-method> <!-- FristClass -->
        <test-method is-config="true" signature="afterMethod()[pri:0, instance:samples.ReportsSmartTest@561b6512]" started-at="2022-08-05T14:29:49 IST" name="afterMethod" finished-at="2022-08-05T14:29:49 IST" duration-ms="0" status="PASS">
          <reporter-output>
          </reporter-output>
        </test-method> <!-- afterMethod -->
        <test-method signature="WrongPass()[pri:2, instance:samples.ReportsSmartTest@561b6512]" started-at="2022-08-05T14:29:49 IST" name="WrongPass" finished-at="2022-08-05T14:29:51 IST" duration-ms="2124" status="PASS">
          <reporter-output>
          </reporter-output>
        </test-method> <!-- WrongPass -->
        <test-method is-config="true" signature="beforemethod()[pri:0, instance:samples.ReportsSmartTest@561b6512]" started-at="2022-08-05T14:29:49 IST" name="beforemethod" finished-at="2022-08-05T14:29:49 IST" duration-ms="0" status="PASS">
          <reporter-output>
          </reporter-output>
        </test-method> <!-- beforemethod -->
        <test-method is-config="true" signature="afterMethod()[pri:0, instance:samples.ReportsSmartTest@561b6512]" started-at="2022-08-05T14:29:51 IST" name="afterMethod" finished-at="2022-08-05T14:29:51 IST" duration-ms="1" status="PASS">
          <reporter-output>
          </reporter-output>
        </test-method> <!-- afterMethod -->
        <test-method is-config="true" signature="beforemethod()[pri:0, instance:samples.ReportsSmartTest@561b6512]" started-at="2022-08-05T14:29:51 IST" name="beforemethod" finished-at="2022-08-05T14:29:51 IST" duration-ms="1" status="PASS">
          <reporter-output>
          </reporter-output>
        </test-method> <!-- beforemethod -->
        <test-method signature="WrongUserName()[pri:3, instance:samples.ReportsSmartTest@561b6512]" started-at="2022-08-05T14:29:51 IST" name="WrongUserName" finished-at="2022-08-05T14:29:54 IST" duration-ms="3094" status="PASS">
          <reporter-output>
          </reporter-output>
        </test-method> <!-- WrongUserName -->
        <test-method is-config="true" signature="afterMethod()[pri:0, instance:samples.ReportsSmartTest@561b6512]" started-at="2022-08-05T14:29:54 IST" name="afterMethod" finished-at="2022-08-05T14:29:54 IST" duration-ms="1" status="PASS">
          <reporter-output>
          </reporter-output>
        </test-method> <!-- afterMethod -->
        <test-method is-config="true" signature="beforemethod()[pri:0, instance:samples.ReportsSmartTest@561b6512]" started-at="2022-08-05T14:29:54 IST" name="beforemethod" finished-at="2022-08-05T14:29:54 IST" duration-ms="1" status="PASS">
          <reporter-output>
          </reporter-output>
        </test-method> <!-- beforemethod -->
        <test-method signature="emptyUserName()[pri:4, instance:samples.ReportsSmartTest@561b6512]" started-at="2022-08-05T14:29:54 IST" name="emptyUserName" finished-at="2022-08-05T14:30:09 IST" duration-ms="14887" status="PASS">
          <reporter-output>
          </reporter-output>
        </test-method> <!-- emptyUserName -->
        <test-method is-config="true" signature="afterMethod()[pri:0, instance:samples.ReportsSmartTest@561b6512]" started-at="2022-08-05T14:30:09 IST" name="afterMethod" finished-at="2022-08-05T14:30:09 IST" duration-ms="0" status="PASS">
          <reporter-output>
          </reporter-output>
        </test-method> <!-- afterMethod -->
        <test-method signature="emptyPass()[pri:5, instance:samples.ReportsSmartTest@561b6512]" started-at="2022-08-05T14:30:09 IST" name="emptyPass" finished-at="2022-08-05T14:30:24 IST" duration-ms="15451" status="PASS">
          <reporter-output>
          </reporter-output>
        </test-method> <!-- emptyPass -->
        <test-method is-config="true" signature="beforemethod()[pri:0, instance:samples.ReportsSmartTest@561b6512]" started-at="2022-08-05T14:30:09 IST" name="beforemethod" finished-at="2022-08-05T14:30:09 IST" duration-ms="0" status="PASS">
          <reporter-output>
          </reporter-output>
        </test-method> <!-- beforemethod -->
        <test-method is-config="true" signature="afterMethod()[pri:0, instance:samples.ReportsSmartTest@561b6512]" started-at="2022-08-05T14:30:24 IST" name="afterMethod" finished-at="2022-08-05T14:30:24 IST" duration-ms="0" status="PASS">
          <reporter-output>
          </reporter-output>
        </test-method> <!-- afterMethod -->
        <test-method is-config="true" signature="beforemethod()[pri:0, instance:samples.ReportsSmartTest@561b6512]" started-at="2022-08-05T14:30:24 IST" name="beforemethod" finished-at="2022-08-05T14:30:24 IST" duration-ms="1" status="PASS">
          <reporter-output>
          </reporter-output>
        </test-method> <!-- beforemethod -->
        <test-method signature="bothEmptyField()[pri:6, instance:samples.ReportsSmartTest@561b6512]" started-at="2022-08-05T14:30:24 IST" name="bothEmptyField" finished-at="2022-08-05T14:30:40 IST" duration-ms="16089" status="PASS">
          <reporter-output>
          </reporter-output>
        </test-method> <!-- bothEmptyField -->
        <test-method is-config="true" signature="afterMethod()[pri:0, instance:samples.ReportsSmartTest@561b6512]" started-at="2022-08-05T14:30:40 IST" name="afterMethod" finished-at="2022-08-05T14:30:40 IST" duration-ms="0" status="PASS">
          <reporter-output>
          </reporter-output>
        </test-method> <!-- afterMethod -->
        <test-method is-config="true" signature="beforemethod()[pri:0, instance:samples.ReportsSmartTest@561b6512]" started-at="2022-08-05T14:30:40 IST" name="beforemethod" finished-at="2022-08-05T14:30:40 IST" duration-ms="1" status="PASS">
          <reporter-output>
          </reporter-output>
        </test-method> <!-- beforemethod -->
        <test-method signature="forgetPassWord()[pri:7, instance:samples.ReportsSmartTest@561b6512]" started-at="2022-08-05T14:30:40 IST" name="forgetPassWord" finished-at="2022-08-05T14:30:54 IST" duration-ms="13980" status="PASS">
          <reporter-output>
          </reporter-output>
        </test-method> <!-- forgetPassWord -->
        <test-method is-config="true" signature="afterMethod()[pri:0, instance:samples.ReportsSmartTest@561b6512]" started-at="2022-08-05T14:30:54 IST" name="afterMethod" finished-at="2022-08-05T14:30:54 IST" duration-ms="0" status="PASS">
          <reporter-output>
          </reporter-output>
        </test-method> <!-- afterMethod -->
        <test-method is-config="true" signature="afterTest()[pri:0, instance:samples.ReportsSmartTest@561b6512]" started-at="2022-08-05T14:30:54 IST" name="afterTest" finished-at="2022-08-05T14:30:54 IST" duration-ms="183" status="PASS">
          <reporter-output>
          </reporter-output>
        </test-method> <!-- afterTest -->
      </class> <!-- samples.ReportsSmartTest -->
    </test> <!-- Default test -->
  </suite> <!-- Default suite -->
</testng-results>
